<?xml version="1.0" encoding="UTF-8"?>
<!-- Generated by org.testng.reporters.JUnitXMLReporter -->
<testsuite ignored="0" hostname="VIJAY" failures="0" tests="3" name="Default test" time="0.055" errors="0" timestamp="2024-11-14T17:08:32 IST">
  <testcase classname="TestNGBasics.GroupConcept1" name="APILoginHomeLoan" time="0.009"/>
  <testcase classname="TestNGBasics.GroupConcept1" name="MobileLoginHomeLoan" time="0.001"/>
  <testcase classname="TestNGBasics.GroupConcept1" name="WebLoginHomeLoan" time="0.002"/>
</testsuite> <!-- Default test -->
