<?xml version="1.0" encoding="UTF-8"?>
<!-- Generated by org.testng.reporters.JUnitXMLReporter -->
<testsuite ignored="0" hostname="VIJAY" failures="0" tests="3" name="Car_Loan" time="0.007" errors="0" timestamp="2024-11-14T14:47:54 IST">
  <testcase classname="TestNGBasics.day3" name="APILoginCarLoan" time="0.001"/>
  <testcase classname="TestNGBasics.day3" name="MobileLoginCarLoan" time="0.001"/>
  <testcase classname="TestNGBasics.day3" name="WebLoginCarLoan" time="0.0"/>
</testsuite> <!-- Car_Loan -->
