<?xml version="1.0" encoding="UTF-8"?>
<!-- Generated by org.testng.reporters.JUnitXMLReporter -->
<testsuite ignored="1" hostname="VIJAY" failures="0" tests="2" name="Car_Loan" time="0.006" errors="0" timestamp="2024-11-14T15:18:48 IST">
  <testcase classname="TestNGBasics.day3" name="APILoginCarLoan" time="0.002"/>
  <testcase classname="TestNGBasics.day3" name="MobileLoginCarLoan" time="0.001"/>
  <testcase classname="TestNGBasics.day3" name="WebLoginCarLoan" time="0.0">
    <ignored/>
  </testcase> <!-- WebLoginCarLoan -->
</testsuite> <!-- Car_Loan -->
