<?xml version="1.0" encoding="UTF-8"?>
<!-- Generated by org.testng.reporters.JUnitXMLReporter -->
<testsuite ignored="4" hostname="VIJAY" failures="0" tests="2" name="Groups" time="0.056" errors="0" timestamp="2024-11-14T17:08:18 IST">
  <testcase classname="TestNGBasics.GroupConcept1" name="MobileLoginHomeLoan" time="0.009"/>
  <testcase classname="TestNGBasics.GroupConcept2" name="MobileLoginHomeLoan" time="0.001"/>
  <testcase classname="TestNGBasics.GroupConcept1" name="APILoginHomeLoan" time="0.0">
    <ignored/>
  </testcase> <!-- APILoginHomeLoan -->
  <testcase classname="TestNGBasics.GroupConcept2" name="WebLoginHomeLoan" time="0.0">
    <ignored/>
  </testcase> <!-- WebLoginHomeLoan -->
  <testcase classname="TestNGBasics.GroupConcept2" name="APILoginHomeLoan" time="0.0">
    <ignored/>
  </testcase> <!-- APILoginHomeLoan -->
  <testcase classname="TestNGBasics.GroupConcept1" name="WebLoginHomeLoan" time="0.0">
    <ignored/>
  </testcase> <!-- WebLoginHomeLoan -->
</testsuite> <!-- Groups -->
