<?xml version="1.0" encoding="UTF-8"?>
<!-- Generated by org.testng.reporters.JUnitXMLReporter -->
<testsuite ignored="0" hostname="VIJAY" failures="0" tests="3" name="Home_Loan" time="0.006" errors="0" timestamp="2024-11-14T14:47:54 IST">
  <testcase classname="TestNGBasics.day4" name="APILoginHomeLoan" time="0.001"/>
  <testcase classname="TestNGBasics.day4" name="MobileLoginHomeLoan" time="0.001"/>
  <testcase classname="TestNGBasics.day4" name="WebLoginHomeLoan" time="0.0"/>
</testsuite> <!-- Home_Loan -->
