<?xml version="1.0" encoding="UTF-8"?>
<!-- Generated by org.testng.reporters.JUnitXMLReporter -->
<testsuite ignored="0" hostname="VIJAY" failures="0" tests="4" name="Personal_Loan" time="0.055" errors="0" timestamp="2024-11-14T14:47:54 IST">
  <testcase classname="TestNGBasics.day1" name="demo" time="0.009"/>
  <testcase classname="TestNGBasics.day1" name="demo1" time="0.001"/>
  <testcase classname="TestNGBasics.day2" name="demo" time="0.001"/>
  <testcase classname="TestNGBasics.day2" name="demo1" time="0.001"/>
</testsuite> <!-- Personal_Loan -->
