<?xml version="1.0" encoding="UTF-8"?>
<!-- Generated by org.testng.reporters.JUnitXMLReporter -->
<testsuite ignored="2" hostname="VIJAY" failures="0" tests="2" name="Personal_Loan" time="0.05" errors="0" timestamp="2024-11-14T15:18:48 IST">
  <testcase classname="TestNGBasics.day1" name="demo" time="0.009"/>
  <testcase classname="TestNGBasics.day1" name="demo1" time="0.001"/>
  <testcase classname="TestNGBasics.day2" name="demo" time="0.0">
    <ignored/>
  </testcase> <!-- demo -->
  <testcase classname="TestNGBasics.day2" name="demo1" time="0.0">
    <ignored/>
  </testcase> <!-- demo1 -->
</testsuite> <!-- Personal_Loan -->
