<?xml version="1.0" encoding="UTF-8"?>
<testng-results ignored="0" total="1" passed="1" failed="0" skipped="0">
  <reporter-output>
  </reporter-output>
  <suite started-at="2024-11-18T11:11:26 IST" name="Default suite" finished-at="2024-11-18T11:11:27 IST" duration-ms="1227">
    <groups>
    </groups>
    <test started-at="2024-11-18T11:11:26 IST" name="Default test" finished-at="2024-11-18T11:11:27 IST" duration-ms="1227">
      <class name="Database_Connection.Database_SelectAll">
        <test-method signature="run()[pri:0, instance:Database_Connection.Database_SelectAll@3b69e7d1]" started-at="2024-11-18T11:11:26 IST" name="run" finished-at="2024-11-18T11:11:27 IST" duration-ms="1111" status="PASS">
          <reporter-output>
          </reporter-output>
        </test-method> <!-- run -->
      </class> <!-- Database_Connection.Database_SelectAll -->
    </test> <!-- Default test -->
  </suite> <!-- Default suite -->
</testng-results>
